Starting printer enumeration
Processing printer: Postscript Printer for testXpert
Successfully processed printer: Postscript Printer for testXpert
Processing printer: \\idesrvau\Downstairs FX ApeosPort C3321 (Colour)
Successfully processed printer: \\idesrvau\Downstairs FX ApeosPort C3321 (Colour)
Processing printer: \\idesrvau\EPSON SC-T3200 Plotter
Successfully processed printer: \\idesrvau\EPSON SC-T3200 Plotter
Processing printer: \\idesrvau\Upstairs Apeos C2560 (Colour)
Successfully processed printer: \\idesrvau\Upstairs Apeos C2560 (Colour)
Processing printer: \\idesrvau\Downstairs FX ApeosPort C3321 (B&W)
Successfully processed printer: \\idesrvau\Downstairs FX ApeosPort C3321 (B&W)
Processing printer: \\idesrvau\Upstairs Apeos C2560 (B&W)
Successfully processed printer: \\idesrvau\Upstairs Apeos C2560 (B&W)
Starting printer enumeration
Processing printer: Postscript Printer for testXpert
Successfully processed printer: Postscript Printer for testXpert
Processing printer: \\idesrvau\Downstairs FX ApeosPort C3321 (Colour)
Successfully processed printer: \\idesrvau\Downstairs FX ApeosPort C3321 (Colour)
Processing printer: \\idesrvau\EPSON SC-T3200 Plotter
Successfully processed printer: \\idesrvau\EPSON SC-T3200 Plotter
Processing printer: \\idesrvau\Upstairs Apeos C2560 (Colour)
Successfully processed printer: \\idesrvau\Upstairs Apeos C2560 (Colour)
Processing printer: \\idesrvau\Downstairs FX ApeosPort C3321 (B&W)
Successfully processed printer: \\idesrvau\Downstairs FX ApeosPort C3321 (B&W)
Processing printer: \\idesrvau\Upstairs Apeos C2560 (B&W)
Successfully processed printer: \\idesrvau\Upstairs Apeos C2560 (B&W)
Starting printer enumeration
Processing printer: Postscript Printer for testXpert
Successfully processed printer: Postscript Printer for testXpert
Processing printer: \\idesrvau\Downstairs FX ApeosPort C3321 (Colour)
Successfully processed printer: \\idesrvau\Downstairs FX ApeosPort C3321 (Colour)
Processing printer: \\idesrvau\EPSON SC-T3200 Plotter
Successfully processed printer: \\idesrvau\EPSON SC-T3200 Plotter
Processing printer: \\idesrvau\Upstairs Apeos C2560 (Colour)
Successfully processed printer: \\idesrvau\Upstairs Apeos C2560 (Colour)
Processing printer: \\idesrvau\Downstairs FX ApeosPort C3321 (B&W)
Successfully processed printer: \\idesrvau\Downstairs FX ApeosPort C3321 (B&W)
Processing printer: \\idesrvau\Upstairs Apeos C2560 (B&W)
Successfully processed printer: \\idesrvau\Upstairs Apeos C2560 (B&W)
Starting printer enumeration
Processing printer: Postscript Printer for testXpert
Successfully processed printer: Postscript Printer for testXpert
Processing printer: \\idesrvau\Downstairs FX ApeosPort C3321 (Colour)
Successfully processed printer: \\idesrvau\Downstairs FX ApeosPort C3321 (Colour)
Processing printer: \\idesrvau\EPSON SC-T3200 Plotter
Successfully processed printer: \\idesrvau\EPSON SC-T3200 Plotter
Processing printer: \\idesrvau\Upstairs Apeos C2560 (Colour)
Successfully processed printer: \\idesrvau\Upstairs Apeos C2560 (Colour)
Processing printer: \\idesrvau\Downstairs FX ApeosPort C3321 (B&W)
Successfully processed printer: \\idesrvau\Downstairs FX ApeosPort C3321 (B&W)
Processing printer: \\idesrvau\Upstairs Apeos C2560 (B&W)
Successfully processed printer: \\idesrvau\Upstairs Apeos C2560 (B&W)
